<?xml version="1.0" encoding="UTF-8"?>
<!-- Generated by org.testng.reporters.JUnitReportReporter -->
<testsuite skipped="0" hostname="DESKTOP-GEQR188" name="com.selenium.seleniumproject3.dataprovider" tests="2" failures="0" timestamp="10 Jun 2025 07:42:17 GMT" time="34.917" errors="0">
  <testcase name="m1" time="20.121" classname="com.selenium.seleniumproject3.dataprovider"/>
  <testcase name="m1" time="14.796" classname="com.selenium.seleniumproject3.dataprovider"/>
</testsuite> <!-- com.selenium.seleniumproject3.dataprovider -->
