<?xml version="1.0" encoding="UTF-8"?>
<!-- Generated by org.testng.reporters.JUnitReportReporter -->
<testsuite skipped="0" hostname="DESKTOP-GEQR188" name="com.selenium.seleniumproject3.test2" tests="1" failures="0" timestamp="07 Jun 2025 10:18:53 GMT" time="0.000" errors="0">
  <testcase name="m2" time="0.000" classname="com.selenium.seleniumproject3.test2"/>
</testsuite> <!-- com.selenium.seleniumproject3.test2 -->
